<?xml version="1.0" encoding="UTF-8"?>
<testsuite xmlns:xsi="http://www.w3.org/2001/XMLSchema-instance" xsi:noNamespaceSchemaLocation="https://maven.apache.org/surefire/maven-surefire-plugin/xsd/surefire-test-report-3.0.xsd" version="3.0" name="TestSuite" time="61.558" tests="3" errors="0" skipped="0" failures="2">
  <properties>
    <property name="sun.desktop" value="windows"/>
    <property name="awt.toolkit" value="sun.awt.windows.WToolkit"/>
    <property name="file.encoding.pkg" value="sun.io"/>
    <property name="java.specification.version" value="1.8"/>
    <property name="sun.cpu.isalist" value="amd64"/>
    <property name="sun.jnu.encoding" value="Cp1252"/>
    <property name="java.class.path" value="D:\Adobe_Workspace\uiFramework\target\test-classes;D:\Adobe_Workspace\uiFramework\target\classes;C:\Users\atupadhy\.m2\repository\org\testng\testng\6.14.3\testng-6.14.3.jar;C:\Users\atupadhy\.m2\repository\com\beust\jcommander\1.72\jcommander-1.72.jar;C:\Users\atupadhy\.m2\repository\org\apache-extras\beanshell\bsh\2.0b6\bsh-2.0b6.jar;C:\Users\atupadhy\.m2\repository\org\seleniumhq\selenium\selenium-java\3.14.0\selenium-java-3.14.0.jar;C:\Users\atupadhy\.m2\repository\org\seleniumhq\selenium\selenium-api\3.14.0\selenium-api-3.14.0.jar;C:\Users\atupadhy\.m2\repository\org\seleniumhq\selenium\selenium-chrome-driver\3.14.0\selenium-chrome-driver-3.14.0.jar;C:\Users\atupadhy\.m2\repository\org\seleniumhq\selenium\selenium-edge-driver\3.14.0\selenium-edge-driver-3.14.0.jar;C:\Users\atupadhy\.m2\repository\org\seleniumhq\selenium\selenium-firefox-driver\3.14.0\selenium-firefox-driver-3.14.0.jar;C:\Users\atupadhy\.m2\repository\org\seleniumhq\selenium\selenium-ie-driver\3.14.0\selenium-ie-driver-3.14.0.jar;C:\Users\atupadhy\.m2\repository\org\seleniumhq\selenium\selenium-opera-driver\3.14.0\selenium-opera-driver-3.14.0.jar;C:\Users\atupadhy\.m2\repository\org\seleniumhq\selenium\selenium-remote-driver\3.14.0\selenium-remote-driver-3.14.0.jar;C:\Users\atupadhy\.m2\repository\org\seleniumhq\selenium\selenium-safari-driver\3.14.0\selenium-safari-driver-3.14.0.jar;C:\Users\atupadhy\.m2\repository\org\seleniumhq\selenium\selenium-support\3.14.0\selenium-support-3.14.0.jar;C:\Users\atupadhy\.m2\repository\net\bytebuddy\byte-buddy\1.8.15\byte-buddy-1.8.15.jar;C:\Users\atupadhy\.m2\repository\org\apache\commons\commons-exec\1.3\commons-exec-1.3.jar;C:\Users\atupadhy\.m2\repository\commons-codec\commons-codec\1.10\commons-codec-1.10.jar;C:\Users\atupadhy\.m2\repository\commons-logging\commons-logging\1.2\commons-logging-1.2.jar;C:\Users\atupadhy\.m2\repository\com\google\guava\guava\25.0-jre\guava-25.0-jre.jar;C:\Users\atupadhy\.m2\repository\com\google\code\findbugs\jsr305\1.3.9\jsr305-1.3.9.jar;C:\Users\atupadhy\.m2\repository\org\checkerframework\checker-compat-qual\2.0.0\checker-compat-qual-2.0.0.jar;C:\Users\atupadhy\.m2\repository\com\google\errorprone\error_prone_annotations\2.1.3\error_prone_annotations-2.1.3.jar;C:\Users\atupadhy\.m2\repository\com\google\j2objc\j2objc-annotations\1.1\j2objc-annotations-1.1.jar;C:\Users\atupadhy\.m2\repository\org\codehaus\mojo\animal-sniffer-annotations\1.14\animal-sniffer-annotations-1.14.jar;C:\Users\atupadhy\.m2\repository\org\apache\httpcomponents\httpclient\4.5.5\httpclient-4.5.5.jar;C:\Users\atupadhy\.m2\repository\org\apache\httpcomponents\httpcore\4.4.9\httpcore-4.4.9.jar;C:\Users\atupadhy\.m2\repository\com\squareup\okhttp3\okhttp\3.10.0\okhttp-3.10.0.jar;C:\Users\atupadhy\.m2\repository\com\squareup\okio\okio\1.14.1\okio-1.14.1.jar;C:\Users\atupadhy\.m2\repository\log4j\log4j\1.2.17\log4j-1.2.17.jar;C:\Users\atupadhy\.m2\repository\org\apache\poi\poi\4.0.1\poi-4.0.1.jar;C:\Users\atupadhy\.m2\repository\org\apache\commons\commons-collections4\4.2\commons-collections4-4.2.jar;C:\Users\atupadhy\.m2\repository\org\apache\commons\commons-math3\3.6.1\commons-math3-3.6.1.jar;C:\Users\atupadhy\.m2\repository\org\apache\poi\poi-ooxml\4.0.1\poi-ooxml-4.0.1.jar;C:\Users\atupadhy\.m2\repository\org\apache\poi\poi-ooxml-schemas\4.0.1\poi-ooxml-schemas-4.0.1.jar;C:\Users\atupadhy\.m2\repository\org\apache\xmlbeans\xmlbeans\3.0.2\xmlbeans-3.0.2.jar;C:\Users\atupadhy\.m2\repository\org\apache\commons\commons-compress\1.18\commons-compress-1.18.jar;C:\Users\atupadhy\.m2\repository\com\github\virtuald\curvesapi\1.05\curvesapi-1.05.jar;C:\Users\atupadhy\.m2\repository\com\aventstack\extentreports\3.1.5\extentreports-3.1.5.jar;C:\Users\atupadhy\.m2\repository\org\freemarker\freemarker\2.3.23\freemarker-2.3.23.jar;C:\Users\atupadhy\.m2\repository\org\mongodb\mongodb-driver\3.3.0\mongodb-driver-3.3.0.jar;C:\Users\atupadhy\.m2\repository\org\mongodb\bson\3.3.0\bson-3.3.0.jar;C:\Users\atupadhy\.m2\repository\org\mongodb\mongodb-driver-core\3.3.0\mongodb-driver-core-3.3.0.jar;C:\Users\atupadhy\.m2\repository\org\apache\httpcomponents\httpmime\4.5.2\httpmime-4.5.2.jar;C:\Users\atupadhy\.m2\repository\org\jsoup\jsoup\1.9.2\jsoup-1.9.2.jar;C:\Users\atupadhy\.m2\repository\com\google\code\gson\gson\2.8.0\gson-2.8.0.jar;C:\Users\atupadhy\.m2\repository\mysql\mysql-connector-java\6.0.6\mysql-connector-java-6.0.6.jar;"/>
    <property name="java.vm.vendor" value="Oracle Corporation"/>
    <property name="sun.arch.data.model" value="64"/>
    <property name="user.variant" value=""/>
    <property name="java.vendor.url" value="http://java.oracle.com/"/>
    <property name="user.timezone" value="Asia/Calcutta"/>
    <property name="property" value=""/>
    <property name="java.vm.specification.version" value="1.8"/>
    <property name="os.name" value="Windows 10"/>
    <property name="user.country" value="IN"/>
    <property name="sun.java.launcher" value="SUN_STANDARD"/>
    <property name="sun.boot.library.path" value="C:\Program Files\Java\jdk1.8.0_111\jre\bin"/>
    <property name="sun.java.command" value="C:\Users\atupadhy\AppData\Local\Temp\surefire2565877476381320269\surefirebooter8909510021405737508.jar C:\Users\atupadhy\AppData\Local\Temp\surefire2565877476381320269 2019-08-22T00-41-46_120-jvmRun1 surefire9049163375712970922tmp surefire_03223567864768509268tmp"/>
    <property name="surefire.test.class.path" value="D:\Adobe_Workspace\uiFramework\target\test-classes;D:\Adobe_Workspace\uiFramework\target\classes;C:\Users\atupadhy\.m2\repository\org\testng\testng\6.14.3\testng-6.14.3.jar;C:\Users\atupadhy\.m2\repository\com\beust\jcommander\1.72\jcommander-1.72.jar;C:\Users\atupadhy\.m2\repository\org\apache-extras\beanshell\bsh\2.0b6\bsh-2.0b6.jar;C:\Users\atupadhy\.m2\repository\org\seleniumhq\selenium\selenium-java\3.14.0\selenium-java-3.14.0.jar;C:\Users\atupadhy\.m2\repository\org\seleniumhq\selenium\selenium-api\3.14.0\selenium-api-3.14.0.jar;C:\Users\atupadhy\.m2\repository\org\seleniumhq\selenium\selenium-chrome-driver\3.14.0\selenium-chrome-driver-3.14.0.jar;C:\Users\atupadhy\.m2\repository\org\seleniumhq\selenium\selenium-edge-driver\3.14.0\selenium-edge-driver-3.14.0.jar;C:\Users\atupadhy\.m2\repository\org\seleniumhq\selenium\selenium-firefox-driver\3.14.0\selenium-firefox-driver-3.14.0.jar;C:\Users\atupadhy\.m2\repository\org\seleniumhq\selenium\selenium-ie-driver\3.14.0\selenium-ie-driver-3.14.0.jar;C:\Users\atupadhy\.m2\repository\org\seleniumhq\selenium\selenium-opera-driver\3.14.0\selenium-opera-driver-3.14.0.jar;C:\Users\atupadhy\.m2\repository\org\seleniumhq\selenium\selenium-remote-driver\3.14.0\selenium-remote-driver-3.14.0.jar;C:\Users\atupadhy\.m2\repository\org\seleniumhq\selenium\selenium-safari-driver\3.14.0\selenium-safari-driver-3.14.0.jar;C:\Users\atupadhy\.m2\repository\org\seleniumhq\selenium\selenium-support\3.14.0\selenium-support-3.14.0.jar;C:\Users\atupadhy\.m2\repository\net\bytebuddy\byte-buddy\1.8.15\byte-buddy-1.8.15.jar;C:\Users\atupadhy\.m2\repository\org\apache\commons\commons-exec\1.3\commons-exec-1.3.jar;C:\Users\atupadhy\.m2\repository\commons-codec\commons-codec\1.10\commons-codec-1.10.jar;C:\Users\atupadhy\.m2\repository\commons-logging\commons-logging\1.2\commons-logging-1.2.jar;C:\Users\atupadhy\.m2\repository\com\google\guava\guava\25.0-jre\guava-25.0-jre.jar;C:\Users\atupadhy\.m2\repository\com\google\code\findbugs\jsr305\1.3.9\jsr305-1.3.9.jar;C:\Users\atupadhy\.m2\repository\org\checkerframework\checker-compat-qual\2.0.0\checker-compat-qual-2.0.0.jar;C:\Users\atupadhy\.m2\repository\com\google\errorprone\error_prone_annotations\2.1.3\error_prone_annotations-2.1.3.jar;C:\Users\atupadhy\.m2\repository\com\google\j2objc\j2objc-annotations\1.1\j2objc-annotations-1.1.jar;C:\Users\atupadhy\.m2\repository\org\codehaus\mojo\animal-sniffer-annotations\1.14\animal-sniffer-annotations-1.14.jar;C:\Users\atupadhy\.m2\repository\org\apache\httpcomponents\httpclient\4.5.5\httpclient-4.5.5.jar;C:\Users\atupadhy\.m2\repository\org\apache\httpcomponents\httpcore\4.4.9\httpcore-4.4.9.jar;C:\Users\atupadhy\.m2\repository\com\squareup\okhttp3\okhttp\3.10.0\okhttp-3.10.0.jar;C:\Users\atupadhy\.m2\repository\com\squareup\okio\okio\1.14.1\okio-1.14.1.jar;C:\Users\atupadhy\.m2\repository\log4j\log4j\1.2.17\log4j-1.2.17.jar;C:\Users\atupadhy\.m2\repository\org\apache\poi\poi\4.0.1\poi-4.0.1.jar;C:\Users\atupadhy\.m2\repository\org\apache\commons\commons-collections4\4.2\commons-collections4-4.2.jar;C:\Users\atupadhy\.m2\repository\org\apache\commons\commons-math3\3.6.1\commons-math3-3.6.1.jar;C:\Users\atupadhy\.m2\repository\org\apache\poi\poi-ooxml\4.0.1\poi-ooxml-4.0.1.jar;C:\Users\atupadhy\.m2\repository\org\apache\poi\poi-ooxml-schemas\4.0.1\poi-ooxml-schemas-4.0.1.jar;C:\Users\atupadhy\.m2\repository\org\apache\xmlbeans\xmlbeans\3.0.2\xmlbeans-3.0.2.jar;C:\Users\atupadhy\.m2\repository\org\apache\commons\commons-compress\1.18\commons-compress-1.18.jar;C:\Users\atupadhy\.m2\repository\com\github\virtuald\curvesapi\1.05\curvesapi-1.05.jar;C:\Users\atupadhy\.m2\repository\com\aventstack\extentreports\3.1.5\extentreports-3.1.5.jar;C:\Users\atupadhy\.m2\repository\org\freemarker\freemarker\2.3.23\freemarker-2.3.23.jar;C:\Users\atupadhy\.m2\repository\org\mongodb\mongodb-driver\3.3.0\mongodb-driver-3.3.0.jar;C:\Users\atupadhy\.m2\repository\org\mongodb\bson\3.3.0\bson-3.3.0.jar;C:\Users\atupadhy\.m2\repository\org\mongodb\mongodb-driver-core\3.3.0\mongodb-driver-core-3.3.0.jar;C:\Users\atupadhy\.m2\repository\org\apache\httpcomponents\httpmime\4.5.2\httpmime-4.5.2.jar;C:\Users\atupadhy\.m2\repository\org\jsoup\jsoup\1.9.2\jsoup-1.9.2.jar;C:\Users\atupadhy\.m2\repository\com\google\code\gson\gson\2.8.0\gson-2.8.0.jar;C:\Users\atupadhy\.m2\repository\mysql\mysql-connector-java\6.0.6\mysql-connector-java-6.0.6.jar;"/>
    <property name="sun.cpu.endian" value="little"/>
    <property name="user.home" value="C:\Users\atupadhy"/>
    <property name="user.language" value="en"/>
    <property name="java.specification.vendor" value="Oracle Corporation"/>
    <property name="java.home" value="C:\Program Files\Java\jdk1.8.0_111\jre"/>
    <property name="basedir" value="D:\Adobe_Workspace\uiFramework"/>
    <property name="file.separator" value="\"/>
    <property name="line.separator" value="&#10;"/>
    <property name="java.vm.specification.vendor" value="Oracle Corporation"/>
    <property name="java.specification.name" value="Java Platform API Specification"/>
    <property name="java.awt.graphicsenv" value="sun.awt.Win32GraphicsEnvironment"/>
    <property name="surefire.real.class.path" value="C:\Users\atupadhy\AppData\Local\Temp\surefire2565877476381320269\surefirebooter8909510021405737508.jar"/>
    <property name="sun.boot.class.path" value="C:\Program Files\Java\jdk1.8.0_111\jre\lib\resources.jar;C:\Program Files\Java\jdk1.8.0_111\jre\lib\rt.jar;C:\Program Files\Java\jdk1.8.0_111\jre\lib\sunrsasign.jar;C:\Program Files\Java\jdk1.8.0_111\jre\lib\jsse.jar;C:\Program Files\Java\jdk1.8.0_111\jre\lib\jce.jar;C:\Program Files\Java\jdk1.8.0_111\jre\lib\charsets.jar;C:\Program Files\Java\jdk1.8.0_111\jre\lib\jfr.jar;C:\Program Files\Java\jdk1.8.0_111\jre\classes"/>
    <property name="user.script" value=""/>
    <property name="sun.management.compiler" value="HotSpot 64-Bit Tiered Compilers"/>
    <property name="java.runtime.version" value="1.8.0_111-b14"/>
    <property name="user.name" value="atupadhy"/>
    <property name="path.separator" value=";"/>
    <property name="os.version" value="10.0"/>
    <property name="java.endorsed.dirs" value="C:\Program Files\Java\jdk1.8.0_111\jre\lib\endorsed"/>
    <property name="java.runtime.name" value="Java(TM) SE Runtime Environment"/>
    <property name="file.encoding" value="Cp1252"/>
    <property name="java.vm.name" value="Java HotSpot(TM) 64-Bit Server VM"/>
    <property name="localRepository" value="C:\Users\atupadhy\.m2\repository"/>
    <property name="java.vendor.url.bug" value="http://bugreport.sun.com/bugreport/"/>
    <property name="java.io.tmpdir" value="C:\Users\atupadhy\AppData\Local\Temp\"/>
    <property name="java.version" value="1.8.0_111"/>
    <property name="user.dir" value="D:\Adobe_Workspace\uiFramework"/>
    <property name="os.arch" value="amd64"/>
    <property name="java.vm.specification.name" value="Java Virtual Machine Specification"/>
    <property name="java.awt.printerjob" value="sun.awt.windows.WPrinterJob"/>
    <property name="sun.os.patch.level" value=""/>
    <property name="java.library.path" value="C:\Program Files\Java\jdk1.8.0_111\jre\bin;C:\WINDOWS\Sun\Java\bin;C:\WINDOWS\system32;C:\WINDOWS;C:/Program Files/Java/jdk1.8.0_111/bin/../jre/bin/server;C:/Program Files/Java/jdk1.8.0_111/bin/../jre/bin;C:/Program Files/Java/jdk1.8.0_111/bin/../jre/lib/amd64;C:\Program Files (x86)\Common Files\Intel\Shared Libraries\redist\intel64\compiler;C:\WINDOWS\system32;C:\WINDOWS;C:\WINDOWS\System32\Wbem;C:\WINDOWS\System32\WindowsPowerShell\v1.0\;C:\Program Files (x86)\Microsoft SQL Server\100\Tools\Binn\;C:\Program Files\Microsoft SQL Server\100\Tools\Binn\;C:\Program Files\Microsoft SQL Server\100\DTS\Binn\;C:\Program Files (x86)\OpenVPN\bin;C:\Program Files\Perforce;C:\Program Files\Perforce\DVCS\;C:\Python33\Scripts;C:\Python33\Lib;C:\Program Files\Git\cmd;C:\apache-maven-3.5.2\bin;C:\Program Files\Java\jdk1.8.0_111\bin;C:\Program Files\Java\jdk1.8.0_111\jre\bin;C:\Program Files\Java\jdk1.8.0_111\lib;C:\Program Files (x86)\Microsoft SQL Server\Client SDK\ODBC\130\Tools\Binn\;C:\Program Files (x86)\Microsoft SQL Server\140\Tools\Binn\;C:\Program Files (x86)\Microsoft SQL Server\140\DTS\Binn\;C:\Program Files (x86)\Microsoft SQL Server\140\Tools\Binn\ManagementStudio\;C:\Program Files\PuTTY\;C:\Program Files\MySQL\MySQL Utilities 1.6\;C:\Program Files (x86)\Sennheiser\SoftphoneSDK\;C:\Users\atupadhy\AppData\Local\Programs\Python\Python36\Scripts\;C:\Users\atupadhy\AppData\Local\Programs\Python\Python36\;C:\Users\atupadhy\AppData\Local\Microsoft\WindowsApps;C:\Users\atupadhy\AppData\Local\GitHubDesktop\bin;C:\Program Files\apache-maven-3.5.4\bin;C:\WINDOWS\system32;;."/>
    <property name="java.vm.info" value="mixed mode"/>
    <property name="java.vendor" value="Oracle Corporation"/>
    <property name="java.vm.version" value="25.111-b14"/>
    <property name="java.ext.dirs" value="C:\Program Files\Java\jdk1.8.0_111\jre\lib\ext;C:\WINDOWS\Sun\Java\lib\ext"/>
    <property name="sun.io.unicode.encoding" value="UnicodeLittle"/>
    <property name="java.class.version" value="52.0"/>
  </properties>
  <testcase name="testLoginToApplication" classname="com.uiFramework.companyName.projectName.helper.testScripts.LoginTest" time="12.113"/>
  <testcase name="testToRegisterNewUser" classname="com.uiFramework.companyName.projectName.helper.testScripts.RegistrationTest" time="12.362">
    <failure type="java.lang.NullPointerException">java.lang.NullPointerException
	at com.uiFramework.companyName.projectName.helper.testScripts.RegistrationTest.testToRegisterNewUser(RegistrationTest.java:42)
</failure>
    <system-out><![CDATA[2019-42-22 00:08:153 INFO  TestBase:125 - ************testLoginToApplicationFinished**********
2019-42-22 00:08:180 INFO  TestBase:178 - Initialize web driver: 15477956
2019-42-22 00:08:181 INFO  WaitHelper:38 - Implicit wait has been set to:120
2019-42-22 00:08:183 INFO  WaitHelper:122 - waiting for page to load for: 100seconds
2019-42-22 00:08:199 INFO  WaitHelper:124 - page is loaded now
2019-42-22 00:08:312 INFO  WaitHelper:136 - Waiting for :[[ChromeDriver: chrome on XP (ee70bf3ce6392b048997a1d1d3b5cdb3)] -> xpath: //*[@id="header"]/div[2]/div/div/nav/div[1]/a] for :200 seconds
2019-42-22 00:08:350 INFO  WaitHelper:139 - element is visible now
2019-42-22 00:08:350 INFO  TestBase:249 - capturing UI navigation screen..
2019-42-22 00:08:350 INFO  JavaScriptHelper:25 - JavaScriptHelper has been initialised
2019-42-22 00:08:350 INFO  JavaScriptHelper:128 - zooming in by60 percent
2019-42-22 00:08:350 INFO  JavaScriptHelper:32 - executing the script
2019-42-22 00:08:425 INFO  TestBase:197 - driver is null
2019-42-22 00:08:425 INFO  JavaScriptHelper:25 - JavaScriptHelper has been initialised
2019-42-22 00:08:425 INFO  JavaScriptHelper:120 - zooming in by100 percent
2019-42-22 00:08:425 INFO  JavaScriptHelper:32 - executing the script
2019-42-22 00:08:441 INFO  LoginPage:89 - clicking on sign in link..
2019-42-22 00:08:703 INFO  LoginPage:124 - entering registration email: 1566414742703@gmail.com
2019-42-22 00:08:550 INFO  WaitHelper:136 - Waiting for :[[ChromeDriver: chrome on XP (ee70bf3ce6392b048997a1d1d3b5cdb3)] -> xpath: //*[@id='id_gender1']] for :200 seconds
2019-42-22 00:08:602 INFO  WaitHelper:139 - element is visible now
2019-42-22 00:08:602 INFO  TestBase:249 - capturing UI navigation screen..
2019-42-22 00:08:602 INFO  JavaScriptHelper:25 - JavaScriptHelper has been initialised
2019-42-22 00:08:602 INFO  JavaScriptHelper:128 - zooming in by60 percent
2019-42-22 00:08:606 INFO  JavaScriptHelper:32 - executing the script
2019-42-22 00:08:666 INFO  TestBase:197 - driver is null
2019-42-22 00:08:666 INFO  JavaScriptHelper:25 - JavaScriptHelper has been initialised
2019-42-22 00:08:666 INFO  JavaScriptHelper:120 - zooming in by100 percent
2019-42-22 00:08:666 INFO  JavaScriptHelper:32 - executing the script
2019-42-22 00:08:710 INFO  WaitHelper:136 - Waiting for :[[ChromeDriver: chrome on XP (ee70bf3ce6392b048997a1d1d3b5cdb3)] -> xpath: //*[@id='id_gender1']] for :200 seconds
2019-42-22 00:08:762 INFO  WaitHelper:139 - element is visible now
2019-42-22 00:08:762 INFO  TestBase:249 - capturing UI navigation screen..
2019-42-22 00:08:762 INFO  JavaScriptHelper:25 - JavaScriptHelper has been initialised
2019-42-22 00:08:762 INFO  JavaScriptHelper:128 - zooming in by60 percent
2019-42-22 00:08:766 INFO  JavaScriptHelper:32 - executing the script
2019-42-22 00:08:794 INFO  TestBase:197 - driver is null
2019-42-22 00:08:794 INFO  JavaScriptHelper:25 - JavaScriptHelper has been initialised
2019-42-22 00:08:794 INFO  JavaScriptHelper:120 - zooming in by100 percent
2019-42-22 00:08:794 INFO  JavaScriptHelper:32 - executing the script
2019-42-22 00:08:842 INFO  RegistrationPage:179 - selecting mr checkbox
2019-42-22 00:08:962 INFO  RegistrationPage:100 - entering the firstname: firstName
2019-42-22 00:08:219 INFO  RegistrationPage:107 - entering the lastName: lastName
2019-42-22 00:08:483 INFO  RegistrationPage:119 - entering the password: password
]]></system-out>
    <system-err><![CDATA[Aug 22, 2019 12:42:09 AM org.openqa.selenium.remote.DesiredCapabilities chrome
INFO: Using `new ChromeOptions()` is preferred to `DesiredCapabilities.chrome()`
Starting ChromeDriver 75.0.3770.140 (2d9f97485c7b07dc18a74666574f19176731995c-refs/branch-heads/3770@{#1155}) on port 41008
Only local connections are allowed.
Please protect ports used by ChromeDriver and related test frameworks to prevent access by malicious code.
[1566414731.049][WARNING]: This version of ChromeDriver has not been tested with Chrome version 76.
Aug 22, 2019 12:42:12 AM org.openqa.selenium.remote.ProtocolHandshake createSession
INFO: Detected dialect: W3C
]]></system-err>
  </testcase>
  <testcase name="verifyLowestFirstPriceInProductList" classname="com.uiFramework.companyName.projectName.helper.testScripts.VerifySortFilter" time="18.905">
    <failure message="price filter is not working expected [true] but found [false]" type="java.lang.AssertionError">java.lang.AssertionError: price filter is not working expected [true] but found [false]
	at com.uiFramework.companyName.projectName.helper.testScripts.VerifySortFilter.verifyLowestFirstPriceInProductList(VerifySortFilter.java:54)
</failure>
    <system-out><![CDATA[2019-42-22 00:08:105 INFO  TestBase:125 - ************testToRegisterNewUserFinished**********
2019-42-22 00:08:865 INFO  TestBase:178 - Initialize web driver: 371976476
2019-42-22 00:08:865 INFO  WaitHelper:38 - Implicit wait has been set to:120
2019-42-22 00:08:869 INFO  WaitHelper:122 - waiting for page to load for: 100seconds
2019-42-22 00:08:887 INFO  WaitHelper:124 - page is loaded now
2019-42-22 00:08:213 INFO  WaitHelper:136 - Waiting for :[[ChromeDriver: chrome on XP (55ef88eeea4399d0687644c80c100249)] -> xpath: //*[@id='block_top_menu']/ul/li[1]/a] for :200 seconds
2019-42-22 00:08:260 INFO  WaitHelper:139 - element is visible now
2019-42-22 00:08:260 INFO  TestBase:249 - capturing UI navigation screen..
2019-42-22 00:08:260 INFO  JavaScriptHelper:25 - JavaScriptHelper has been initialised
2019-42-22 00:08:260 INFO  JavaScriptHelper:128 - zooming in by60 percent
2019-42-22 00:08:260 INFO  JavaScriptHelper:32 - executing the script
2019-42-22 00:08:396 INFO  TestBase:197 - driver is null
2019-42-22 00:08:396 INFO  JavaScriptHelper:25 - JavaScriptHelper has been initialised
2019-42-22 00:08:396 INFO  JavaScriptHelper:120 - zooming in by100 percent
2019-42-22 00:08:396 INFO  JavaScriptHelper:32 - executing the script
2019-42-22 00:08:536 INFO  NavigationMenu:80 - clicking on :WOMEN
2019-42-22 00:08:430 INFO  WaitHelper:136 - Waiting for :[[ChromeDriver: chrome on XP (55ef88eeea4399d0687644c80c100249)] -> xpath: //*[@id='layered_block_left']/p] for :200 seconds
2019-42-22 00:08:473 INFO  WaitHelper:139 - element is visible now
2019-42-22 00:08:473 INFO  TestBase:249 - capturing UI navigation screen..
2019-42-22 00:08:473 INFO  JavaScriptHelper:25 - JavaScriptHelper has been initialised
2019-42-22 00:08:473 INFO  JavaScriptHelper:128 - zooming in by60 percent
2019-42-22 00:08:473 INFO  JavaScriptHelper:32 - executing the script
2019-42-22 00:08:553 INFO  TestBase:197 - driver is null
2019-42-22 00:08:553 INFO  JavaScriptHelper:25 - JavaScriptHelper has been initialised
2019-42-22 00:08:553 INFO  JavaScriptHelper:120 - zooming in by100 percent
2019-42-22 00:08:553 INFO  JavaScriptHelper:32 - executing the script
2019-42-22 00:08:569 INFO  DropdownHelper:32 - DropdownHelper object is created..
2019-42-22 00:08:838 INFO  DropdownHelper:52 - selectUsingVisibleText and visible text is: Price: Lowest first
2019-42-22 00:08:870 INFO  ProductCategoryPage:219 - 16.51
2019-42-22 00:08:876 INFO  ProductCategoryPage:219 - 27.00
2019-42-22 00:08:916 INFO  ProductCategoryPage:219 - 50.99
2019-42-22 00:08:932 INFO  ProductCategoryPage:219 - 28.98
2019-42-22 00:08:949 INFO  ProductCategoryPage:219 - 30.50
2019-42-22 00:08:953 INFO  ProductCategoryPage:219 - 16.40
2019-42-22 00:08:953 INFO  ProductCategoryPage:234 - [16, 27, 50, 28, 30, 16]
2019-42-22 00:08:953 INFO  ProductCategoryPage:239 - obj.get(i): 16
2019-42-22 00:08:953 INFO  ProductCategoryPage:240 - obj.get(i+1): 27
2019-42-22 00:08:953 INFO  ProductCategoryPage:239 - obj.get(i): 27
2019-42-22 00:08:953 INFO  ProductCategoryPage:240 - obj.get(i+1): 50
2019-42-22 00:08:953 INFO  AssertionHelper:49 - making script fail..
]]></system-out>
    <system-err><![CDATA[Aug 22, 2019 12:42:27 AM org.openqa.selenium.remote.DesiredCapabilities chrome
INFO: Using `new ChromeOptions()` is preferred to `DesiredCapabilities.chrome()`
Starting ChromeDriver 75.0.3770.140 (2d9f97485c7b07dc18a74666574f19176731995c-refs/branch-heads/3770@{#1155}) on port 34001
Only local connections are allowed.
Please protect ports used by ChromeDriver and related test frameworks to prevent access by malicious code.
[1566414748.748][WARNING]: This version of ChromeDriver has not been tested with Chrome version 76.
Aug 22, 2019 12:42:29 AM org.openqa.selenium.remote.ProtocolHandshake createSession
INFO: Detected dialect: W3C
]]></system-err>
  </testcase>
</testsuite>