<?xml version="1.0" encoding="UTF-8"?>
<!-- Generated by org.testng.reporters.JUnitReportReporter -->
<testsuite skipped="0" hostname="atupadhy-WX-1" name="com.uiFramework.A" tests="1" failures="0" timestamp="19 Aug 2019 16:00:40 GMT" time="0.958" errors="0">
  <testcase name="testMethod1" time="0.958" classname="com.uiFramework.A"/>
</testsuite> <!-- com.uiFramework.A -->
