<?xml version="1.0" encoding="UTF-8"?>
<!-- Generated by org.testng.reporters.JUnitReportReporter -->
<testsuite skipped="1" hostname="atupadhy-WX-1" name="com.uiFramework.companyName.projectName.helper.testScripts.LoginTestWithDataDrivenApproach" tests="3" failures="0" timestamp="21 Aug 2019 11:05:25 GMT" time="13.641" errors="0">
  <testcase name="testLoginPage" time="7.107" classname="com.uiFramework.companyName.projectName.helper.testScripts.LoginTestWithDataDrivenApproach"/>
  <testcase name="testLoginPage" time="0.058" classname="com.uiFramework.companyName.projectName.helper.testScripts.LoginTestWithDataDrivenApproach">
    <skipped/>
  </testcase> <!-- testLoginPage -->
  <testcase name="testLoginPage" time="6.476" classname="com.uiFramework.companyName.projectName.helper.testScripts.LoginTestWithDataDrivenApproach"/>
</testsuite> <!-- com.uiFramework.companyName.projectName.helper.testScripts.LoginTestWithDataDrivenApproach -->
