<?xml version="1.0" encoding="UTF-8"?>
<!-- Generated by org.testng.reporters.JUnitReportReporter -->
<testsuite skipped="0" hostname="atupadhy-WX-1" name="com.uiFramework.companyName.projectName.helper.testScripts.LoginTest" tests="1" failures="0" timestamp="21 Aug 2019 02:37:35 GMT" time="13.768" errors="0">
  <testcase name="testLoginToApplication" time="13.768" classname="com.uiFramework.companyName.projectName.helper.testScripts.LoginTest"/>
</testsuite> <!-- com.uiFramework.companyName.projectName.helper.testScripts.LoginTest -->
